2025-02-05 17:53:05,859 - cammer_logger - INFO - Running CAMmer
2025-02-05 17:53:05,860 - cammer_logger - INFO - ['-l', 'F.Cu,In1.Cu,In2.Cu,B.Cu,F.Paste,F.Silkscreen,B.Silkscreen,F.Mask,B.Mask', '-e', 'Edge.Cuts,User.Comments']
2025-02-05 17:53:05,861 - cammer_logger - INFO - CAMMER START: 2025-02-05T17:53:05.861750
2025-02-05 17:53:09,042 - cammer_logger - INFO - 
START: 2025-02-05T17:53:05.861750
Deleting existing C:\Users\alex.brudner\Documents\GitHub\SparkFun_IoT_RedBoard-RP2350\Hardware\Production\SparkFun_IoT_RedBoard-RP2350_panelized.GTL
Renaming C:\Users\alex.brudner\Documents\GitHub\SparkFun_IoT_RedBoard-RP2350\Hardware\Production\SparkFun_IoT_RedBoard-RP2350_panelized-F_Cu.gbr to C:\Users\alex.brudner\Documents\GitHub\SparkFun_IoT_RedBoard-RP2350\Hardware\Production\SparkFun_IoT_RedBoard-RP2350_panelized.GTL
Deleting existing C:\Users\alex.brudner\Documents\GitHub\SparkFun_IoT_RedBoard-RP2350\Hardware\Production\SparkFun_IoT_RedBoard-RP2350_panelized.GL2
Renaming C:\Users\alex.brudner\Documents\GitHub\SparkFun_IoT_RedBoard-RP2350\Hardware\Production\SparkFun_IoT_RedBoard-RP2350_panelized-In1_Cu.gbr to C:\Users\alex.brudner\Documents\GitHub\SparkFun_IoT_RedBoard-RP2350\Hardware\Production\SparkFun_IoT_RedBoard-RP2350_panelized.GL2
Deleting existing C:\Users\alex.brudner\Documents\GitHub\SparkFun_IoT_RedBoard-RP2350\Hardware\Production\SparkFun_IoT_RedBoard-RP2350_panelized.GL3
Renaming C:\Users\alex.brudner\Documents\GitHub\SparkFun_IoT_RedBoard-RP2350\Hardware\Production\SparkFun_IoT_RedBoard-RP2350_panelized-In2_Cu.gbr to C:\Users\alex.brudner\Documents\GitHub\SparkFun_IoT_RedBoard-RP2350\Hardware\Production\SparkFun_IoT_RedBoard-RP2350_panelized.GL3
Deleting existing C:\Users\alex.brudner\Documents\GitHub\SparkFun_IoT_RedBoard-RP2350\Hardware\Production\SparkFun_IoT_RedBoard-RP2350_panelized.GBL
Renaming C:\Users\alex.brudner\Documents\GitHub\SparkFun_IoT_RedBoard-RP2350\Hardware\Production\SparkFun_IoT_RedBoard-RP2350_panelized-B_Cu.gbr to C:\Users\alex.brudner\Documents\GitHub\SparkFun_IoT_RedBoard-RP2350\Hardware\Production\SparkFun_IoT_RedBoard-RP2350_panelized.GBL
Deleting existing C:\Users\alex.brudner\Documents\GitHub\SparkFun_IoT_RedBoard-RP2350\Hardware\Production\SparkFun_IoT_RedBoard-RP2350_panelized.GTP
Renaming C:\Users\alex.brudner\Documents\GitHub\SparkFun_IoT_RedBoard-RP2350\Hardware\Production\SparkFun_IoT_RedBoard-RP2350_panelized-F_Paste.gbr to C:\Users\alex.brudner\Documents\GitHub\SparkFun_IoT_RedBoard-RP2350\Hardware\Production\SparkFun_IoT_RedBoard-RP2350_panelized.GTP
Deleting existing C:\Users\alex.brudner\Documents\GitHub\SparkFun_IoT_RedBoard-RP2350\Hardware\Production\SparkFun_IoT_RedBoard-RP2350_panelized.GTO
Renaming C:\Users\alex.brudner\Documents\GitHub\SparkFun_IoT_RedBoard-RP2350\Hardware\Production\SparkFun_IoT_RedBoard-RP2350_panelized-F_Silkscreen.gbr to C:\Users\alex.brudner\Documents\GitHub\SparkFun_IoT_RedBoard-RP2350\Hardware\Production\SparkFun_IoT_RedBoard-RP2350_panelized.GTO
Deleting existing C:\Users\alex.brudner\Documents\GitHub\SparkFun_IoT_RedBoard-RP2350\Hardware\Production\SparkFun_IoT_RedBoard-RP2350_panelized.GBO
Renaming C:\Users\alex.brudner\Documents\GitHub\SparkFun_IoT_RedBoard-RP2350\Hardware\Production\SparkFun_IoT_RedBoard-RP2350_panelized-B_Silkscreen.gbr to C:\Users\alex.brudner\Documents\GitHub\SparkFun_IoT_RedBoard-RP2350\Hardware\Production\SparkFun_IoT_RedBoard-RP2350_panelized.GBO
Deleting existing C:\Users\alex.brudner\Documents\GitHub\SparkFun_IoT_RedBoard-RP2350\Hardware\Production\SparkFun_IoT_RedBoard-RP2350_panelized.GTS
Renaming C:\Users\alex.brudner\Documents\GitHub\SparkFun_IoT_RedBoard-RP2350\Hardware\Production\SparkFun_IoT_RedBoard-RP2350_panelized-F_Mask.gbr to C:\Users\alex.brudner\Documents\GitHub\SparkFun_IoT_RedBoard-RP2350\Hardware\Production\SparkFun_IoT_RedBoard-RP2350_panelized.GTS
Deleting existing C:\Users\alex.brudner\Documents\GitHub\SparkFun_IoT_RedBoard-RP2350\Hardware\Production\SparkFun_IoT_RedBoard-RP2350_panelized.GBS
Renaming C:\Users\alex.brudner\Documents\GitHub\SparkFun_IoT_RedBoard-RP2350\Hardware\Production\SparkFun_IoT_RedBoard-RP2350_panelized-B_Mask.gbr to C:\Users\alex.brudner\Documents\GitHub\SparkFun_IoT_RedBoard-RP2350\Hardware\Production\SparkFun_IoT_RedBoard-RP2350_panelized.GBS
Deleting existing C:\Users\alex.brudner\Documents\GitHub\SparkFun_IoT_RedBoard-RP2350\Hardware\Production\SparkFun_IoT_RedBoard-RP2350_panelized.GKO
Renaming C:\Users\alex.brudner\Documents\GitHub\SparkFun_IoT_RedBoard-RP2350\Hardware\Production\SparkFun_IoT_RedBoard-RP2350_panelized-Edge_Cuts.gbr to C:\Users\alex.brudner\Documents\GitHub\SparkFun_IoT_RedBoard-RP2350\Hardware\Production\SparkFun_IoT_RedBoard-RP2350_panelized.GKO
Drill report: C:\Users\alex.brudner\Documents\GitHub\SparkFun_IoT_RedBoard-RP2350\Hardware\Production\drill_report.rpt

2025-02-05 17:53:32,669 - cammer_logger - INFO - CAMmer complete
